<?xml version="1.0" encoding="UTF-8"?>
<!-- Generated by org.testng.reporters.JUnitReportReporter -->
<testsuite hostname="LAPTOP-4Q05FJ6F" failures="0" tests="1" name="swan.testscript.CreateCampain" time="14.486" errors="0" timestamp="4 Aug 2024 18:59:17 GMT">
  <testcase classname="swan.testscript.CreateCampain" name="CreateCampaign" time="14.486"/>
</testsuite> <!-- swan.testscript.CreateCampain -->
