<?xml version="1.0" encoding="UTF-8"?>
<!-- Generated by org.testng.reporters.JUnitReportReporter -->
<testsuite hostname="LAPTOP-4Q05FJ6F" failures="0" tests="2" name="practice2.Testclass" time="0.006" errors="0" timestamp="2024-03-31T20:33:24 IST" skipped="0">
  <testcase classname="practice2.Testclass" name="test2" time="0.003"/>
  <testcase classname="practice2.Testclass" name="test1" time="0.003"/>
</testsuite> <!-- practice2.Testclass -->
