<?xml version="1.0" encoding="UTF-8"?>
<!-- Generated by org.testng.reporters.JUnitReportReporter -->
<testsuite hostname="LAPTOP-4Q05FJ6F" failures="0" tests="2" name="practice2.Testclass" time="0.024" errors="0" timestamp="2024-07-30T10:33:16 GMT-07:00" skipped="0">
  <testcase classname="practice2.Testclass" name="test2" time="0.002"/>
  <testcase classname="practice2.Testclass" name="test1" time="0.022"/>
</testsuite> <!-- practice2.Testclass -->
